[2018-06-01 16:56:58,659] multiqc                                            [DEBUG  ]  No MultiQC config found: /home/lanno001/poreTally/lib/python3_virtualenv/lib/python3.5/site-packages/multiqc_config.yaml
[2018-06-01 16:56:58,659] multiqc                                            [DEBUG  ]  No MultiQC config found: /home/lanno001/.multiqc_config.yaml
[2018-06-01 16:56:58,659] multiqc                                            [DEBUG  ]  No MultiQC config found: multiqc_config.yaml
[2018-06-01 16:56:58,660] multiqc                                            [DEBUG  ]  Command used: /home/lanno001/poreTally/lib/python3_virtualenv/bin/multiqc -i Assembler Benchmark report --filename REPORT -o /mnt/nexenta/lanno001/nobackup/int_ab_20180601/summarized_results -f -p --tag assembler_benchmark --template assembler_benchmark /mnt/nexenta/lanno001/nobackup/int_ab_20180601/summarized_results --data-format yaml
[2018-06-01 16:56:58,721] multiqc                                            [DEBUG  ]  Latest MultiQC version is v1.5
[2018-06-01 16:56:58,721] multiqc                                            [INFO   ]  This is MultiQC v1.5.dev0 (b753a4d)
[2018-06-01 16:56:58,722] multiqc                                            [DEBUG  ]  Command     : /home/lanno001/poreTally/lib/python3_virtualenv/bin/multiqc -i Assembler Benchmark report --filename REPORT -o /mnt/nexenta/lanno001/nobackup/int_ab_20180601/summarized_results -f -p --tag assembler_benchmark --template assembler_benchmark /mnt/nexenta/lanno001/nobackup/int_ab_20180601/summarized_results --data-format yaml
[2018-06-01 16:56:58,722] multiqc                                            [DEBUG  ]  Working dir : /mnt/nexenta/lanno001/nobackup
[2018-06-01 16:56:58,722] multiqc                                            [INFO   ]  Template    : assembler_benchmark
[2018-06-01 16:56:58,722] multiqc                                            [INFO   ]  Report title: Assembler Benchmark report
[2018-06-01 16:56:58,723] multiqc                                            [INFO   ]  Searching '/mnt/nexenta/lanno001/nobackup/int_ab_20180601/summarized_results'
[2018-06-01 16:56:58,724] multiqc                                            [INFO   ]  Only using modules with 'assembler_benchmark' tag
[2018-06-01 16:56:58,724] multiqc                                            [DEBUG  ]  Analysing modules: ab_methods_section, ab_read_quality, quast, jellyfish, mummerplot, ab_cpu_times
[2018-06-01 16:56:58,724] multiqc                                            [DEBUG  ]  Using temporary directory for creating report: /tmp/tmpgmbl1pu6
[2018-06-01 16:56:58,819] multiqc                                            [DEBUG  ]  Ignored search patterns as didn't match running modules: deeptools/bamPEFragmentSize, vcftools/tstv_by_qual, clusterflow/runfiles, samtools/rmdup, prokka, salmon/meta, rseqc/infer_experiment, hisat2, homer/findpeaks, conpair/concordance, goleft_indexcov/roc, slamdunk/tcperreadpos, flexbar, theta2, samtools/flagstat, conpair/contamination, deeptools/estimateReadFiltering, gatk/base_recalibrator, custom_content, deeptools/plotCoverageOutRawCounts, rna_seqc/metrics, goleft_indexcov/ped, bamtools/stats, vcftools/relatedness2, bbmap/statsfile_machine, bbmap/indelhist, picard/markdups, samtools/idxstats, picard/hsmetrics, bismark/align, homer/GCcontent, biobloomtools, homer/tagInfo, bismark/m_bias, qualimap/rnaseq/rnaseq_results, picard/gcbias, homer/LengthDistribution, snpeff, slamdunk/tcperutrpos, disambiguate, slamdunk/utrrates, samblaster, bcftools/stats, featurecounts, deeptools/plotFingerprintOutQualityMetrics, deeptools/plotEnrichment, bbmap/bqhist, methylQA, preseq/real_counts, picard/alignment_metrics, bismark/bam2nuc, hicexplorer, homer/genomeGCcontent, star, busco, picard/rrbs_metrics, deeptools/plotCoverageStdout, trimmomatic, picard/insertsize, qualimap/bamqc/genome_results, bbmap/bincov, bbmap/bhist, rseqc/read_gc, samtools/stats, picard/wgs_metrics, bbmap/mhist, kallisto, peddy/sex_check, bbmap/ihist, homer/FreqDistribution, htseq, bbmap/rpkm, supernova/kmers, rseqc/junction_annotation, picard/pcr_metrics, bowtie2, qorts, bbmap/idhist, qualimap/rnaseq/coverage, sortmerna, leehom, rseqc/bam_stat, bbmap/lhist, interop/summary, clusterflow/logs, vcftools/tstv_summary, picard/oxogmetrics, fastqc/zip, supernova/report, bbmap/covhist, preseq, rseqc/read_duplication_pos, bismark/meth_extract, gatk/varianteval, bbmap/aqhist, peddy/summary_table, bowtie1, macs2, rna_seqc/correlation, homer/RestrictionDistribution, rseqc/inner_distance, adapterRemoval, bbmap/qhist, bbmap/qahist, cutadapt, qualimap/bamqc/coverage, slamdunk/summary, bbmap/statsfile, quast_synteny, fastq_screen, tophat, rna_seqc/coverage, bbmap/ehist, picard/rnaseqmetrics, star/genecounts, qualimap/bamqc/genome_fraction, slamdunk/PCA, fastqc/data, skewer, peddy/ped_check, bbmap/gchist, rsem, peddy/het_check, salmon/fld, bismark/dedup, interop/index-summary, rseqc/read_distribution, rseqc/junction_saturation, supernova/summary, hicup, supernova/molecules, rseqc/gene_body_coverage, vcftools/tstv_by_count, picard/basedistributionbycycle, bcl2fastq, fastqc/theoretical_gc, sargasso, afterqc, qualimap/bamqc/gc_dist, slamdunk/rates, deeptools/plotFingerprintOutRawCounts, verifybamid/selfsm, bbmap/covstats, qualimap/bamqc/insert_size
[2018-06-01 16:56:58,959] multiqc                                            [DEBUG  ]  Ignoring file as matched an ignore pattern: REPORT.html
[2018-06-01 16:56:58,967] multiqc                                            [DEBUG  ]  Ignoring file as matched an ignore pattern: NanoPlot-report.html
[2018-06-01 16:56:58,975] multiqc                                            [DEBUG  ]  Ignoring file as matched an ignore pattern: flye.html
[2018-06-01 16:56:59,070] multiqc                                            [DEBUG  ]  Ignoring file as matched an ignore pattern: mqc_quast_num_contigs_1.pdf
[2018-06-01 16:56:59,070] multiqc                                            [DEBUG  ]  Ignoring file as matched an ignore pattern: mqc_quast_num_contigs_1_pc.pdf
[2018-06-01 16:56:59,124] multiqc                                            [ERROR  ]  Oops! The 'ab_methods_section' MultiQC module broke... 
  Please copy the following traceback and report it at https://github.com/ewels/MultiQC/issues 
  If possible, please include a log file that triggers the error - the last file found was:
    /mnt/nexenta/lanno001/nobackup/int_ab_20180601/summarized_results/assembler_scripts/minimap2_miniasm_nanopolish.sh
============================================================
Module ab_methods_section raised an exception: Traceback (most recent call last):
  File "/home/lanno001/poreTally/lib/python3_virtualenv/bin/multiqc", line 442, in multiqc
    output = mod()
  File "/home/lanno001/poreTally/lib/python3_virtualenv/lib/python3.5/site-packages/multiqc/modules/ab_methods_section/ab_methods_section.py", line 28, in __init__
    self.parse_assembler_command(ac)
  File "/home/lanno001/poreTally/lib/python3_virtualenv/lib/python3.5/site-packages/multiqc/modules/ab_methods_section/ab_methods_section.py", line 140, in parse_assembler_command
    command = re.search("# COMMANDS.+(?=echo \"START AUTO VERSION PRINTING\")(?s)", f['f']).group(0)
AttributeError: 'NoneType' object has no attribute 'group'
============================================================
[2018-06-01 16:56:59,131] multiqc.modules.ab_read_quality.ab_read_quality    [INFO   ]  found Minimap2 alignment summary
[2018-06-01 16:56:59,132] multiqc.modules.ab_read_quality.ab_read_quality    [INFO   ]  found nanostats file
[2018-06-01 16:56:59,407] multiqc.modules.quast.quast                        [INFO   ]  Found 2 reports
[2018-06-01 16:57:01,161] multiqc.modules.jellyfish.jellyfish                [INFO   ]  Found 0 histogram files
[2018-06-01 16:57:01,162] multiqc.modules.jellyfish.jellyfish                [INFO   ]  Found 4 count (dump) files
[2018-06-01 16:57:02,034] multiqc.modules.mummerplot.mummerplot              [INFO   ]  found mummerplot images
[2018-06-01 16:57:02,243] multiqc.modules.ab_cpu_times.ab_cpu_times          [INFO   ]  found 5 CPU time entries
[2018-06-01 16:57:02,251] multiqc                                            [INFO   ]  Compressing plot data
[2018-06-01 16:57:02,525] multiqc                                            [INFO   ]  Report      : int_ab_20180601/summarized_results/multiqc_report/REPORT.html
[2018-06-01 16:57:02,525] multiqc                                            [INFO   ]  Data        : int_ab_20180601/summarized_results/multiqc_report/REPORT_data
[2018-06-01 16:57:02,527] multiqc                                            [DEBUG  ]  Moving data file from '/tmp/tmpgmbl1pu6/multiqc_data/multiqc_data.json' to '/mnt/nexenta/lanno001/nobackup/int_ab_20180601/summarized_results/multiqc_report/REPORT_data'
[2018-06-01 16:57:02,546] multiqc                                            [DEBUG  ]  Moving data file from '/tmp/tmpgmbl1pu6/multiqc_data/multiqc_quast.yaml' to '/mnt/nexenta/lanno001/nobackup/int_ab_20180601/summarized_results/multiqc_report/REPORT_data'
[2018-06-01 16:57:02,548] multiqc                                            [DEBUG  ]  Moving data file from '/tmp/tmpgmbl1pu6/multiqc_data/multiqc_sources.yaml' to '/mnt/nexenta/lanno001/nobackup/int_ab_20180601/summarized_results/multiqc_report/REPORT_data'
[2018-06-01 16:57:02,549] multiqc                                            [DEBUG  ]  Moving data file from '/tmp/tmpgmbl1pu6/multiqc_data/multiqc_general_stats.yaml' to '/mnt/nexenta/lanno001/nobackup/int_ab_20180601/summarized_results/multiqc_report/REPORT_data'
[2018-06-01 16:57:02,551] multiqc                                            [DEBUG  ]  Moving data file from '/tmp/tmpgmbl1pu6/multiqc_data/mqc_quast_num_contigs_1.yaml' to '/mnt/nexenta/lanno001/nobackup/int_ab_20180601/summarized_results/multiqc_report/REPORT_data'
[2018-06-01 16:57:02,552] multiqc                                            [DEBUG  ]  Moving data file from '/tmp/tmpgmbl1pu6/multiqc_data/multiqc_readqual_summary.yaml' to '/mnt/nexenta/lanno001/nobackup/int_ab_20180601/summarized_results/multiqc_report/REPORT_data'
[2018-06-01 16:57:02,554] multiqc                                            [INFO   ]  Plots       : int_ab_20180601/summarized_results/multiqc_report/multiqc_plots
[2018-06-01 16:57:02,554] multiqc                                            [DEBUG  ]  Moving plots directory from '/tmp/tmpgmbl1pu6/multiqc_plots/svg' to '/mnt/nexenta/lanno001/nobackup/int_ab_20180601/summarized_results/multiqc_report/multiqc_plots'
[2018-06-01 16:57:02,560] multiqc                                            [DEBUG  ]  Moving plots directory from '/tmp/tmpgmbl1pu6/multiqc_plots/png' to '/mnt/nexenta/lanno001/nobackup/int_ab_20180601/summarized_results/multiqc_report/multiqc_plots'
[2018-06-01 16:57:02,569] multiqc                                            [DEBUG  ]  Moving plots directory from '/tmp/tmpgmbl1pu6/multiqc_plots/pdf' to '/mnt/nexenta/lanno001/nobackup/int_ab_20180601/summarized_results/multiqc_report/multiqc_plots'
[2018-06-01 16:57:02,767] multiqc                                            [INFO   ]  MultiQC complete
