[2018-06-01 16:54:28] INFO: Running Flye 2.3.4-g5b44fbe
[2018-06-01 16:54:28] INFO: Assembling reads
[2018-06-01 16:54:28] INFO: Running with k-mer size: 15
[2018-06-01 16:54:28] INFO: Reading sequences
[2018-06-01 16:54:28] INFO: Reads N50/90: 15814 / 9968
[2018-06-01 16:54:28] INFO: Selected minimum overlap 5000
[2018-06-01 16:54:28] INFO: Expected read coverage: 37
[2018-06-01 16:54:28] INFO: Generating solid k-mer index
[2018-06-01 16:54:45] INFO: Counting kmers (1/2):
0% 10% % 20% % % 40% 50% % 60% 70% % 80% % 8090% 100% 
[2018-06-01 16:54:45] INFO: Counting kmers (2/2):
0% 10% 20% 30% 40% 50% 60% % 70% 80% 90% 100% 
[2018-06-01 16:54:45] INFO: Filling index table
0% 10% 20% % 30% 40% 50% 60% 70% 80% 90% 100% 
[2018-06-01 16:54:45] INFO: Extending reads
[2018-06-01 16:54:45] INFO: Overlap-based coverage: 11
0% 10% % 20% % % % 80% 80% % % 80% 80% % % % % % % 100% 
[2018-06-01 16:54:45] INFO: Assembled 1 draft contigs
[2018-06-01 16:54:45] INFO: Generating contig sequences
10% 20% 30% 50% 60% 70% 80% 100% 
[2018-06-01 16:54:46] INFO: Running Minimap2
[2018-06-01 16:54:46] INFO: Computing consensus
[2018-06-01 16:54:47] INFO: Alignment error rate: 0.204436673823
[2018-06-01 16:54:47] INFO: Performing repeat analysis
[2018-06-01 16:54:47] INFO: Reading sequences
[2018-06-01 16:54:47] INFO: Building repeat graph
50% % 100% 
[2018-06-01 16:55:03] INFO: Aligning reads to the graph
0% 10% 20% 30% 40% 50% 60% 70% 80% 90% 100% 
[2018-06-01 16:55:21] INFO: Aligned sequence: 886803 / 924102 (0.959638)
[2018-06-01 16:55:21] INFO: Mean edge coverage: 8
[2018-06-01 16:55:21] INFO: Resolving repeats
[2018-06-01 16:55:21] INFO: Generating contigs
[2018-06-01 16:55:21] INFO: Generated 1 contigs
[2018-06-01 16:55:21] INFO: Polishing genome (1/1)
[2018-06-01 16:55:21] INFO: Running Minimap2
[2018-06-01 16:55:21] INFO: Separating alignment into bubbles
[2018-06-01 16:55:21] INFO: Alignment error rate: 0.166366281377
[2018-06-01 16:55:21] INFO: Correcting bubbles
0% 10% 20% 30% 40% 50% 60% 70% 80% 90% 100% 
[2018-06-01 16:55:39] INFO: Assembly statistics:

	Total length:	52898
	Contigs:	1
	Scaffolds:	1
	Scaffolds N50:	52898
	Largest scf:	52898
	Mean coverage:	9

[2018-06-01 16:55:39] INFO: Final assembly: /mnt/nexenta/lanno001/nobackup/int_ab_20180601/assembler_results/flye/scaffolds.fasta
/mnt/nexenta/lanno001/nobackup/int_ab_20180601/assembler_scripts/flye.sh: line 57: syntax error: unexpected end of file
CPU_TIME(USER+SYS):95+3
